<?xml version="1.0" encoding="UTF-8"?>
<!-- Generated by org.testng.reporters.JUnitReportReporter -->
<testsuite hostname="Juis-MBP" failures="0" tests="5" name="runner.TestRunner" time="85.608" errors="0" timestamp="2024-01-12T10:38:20 IST" skipped="0">
  <testcase classname="runner.TestRunner" name="runScenario" time="17.282"/>
  <testcase classname="runner.TestRunner" name="runScenario" time="17.282"/>
  <testcase classname="runner.TestRunner" name="runScenario" time="17.122"/>
  <testcase classname="runner.TestRunner" name="runScenario" time="17.413"/>
  <testcase classname="runner.TestRunner" name="runScenario" time="16.509"/>
</testsuite> <!-- runner.TestRunner -->
